<?xml version="1.0" encoding="UTF-8"?>
<!-- Generated by org.testng.reporters.JUnitReportReporter -->
<testsuite hostname="DESKTOP-VALH97O" failures="0" tests="1" name="extentReport.Report01" time="48.289" errors="0" timestamp="2023-12-20T08:08:18 IST" skipped="0">
  <testcase classname="extentReport.Report01" name="verify_report" time="48.289"/>
  <system-out/>
</testsuite> <!-- extentReport.Report01 -->
