<?xml version="1.0" encoding="UTF-8"?>
<!-- Generated by org.testng.reporters.JUnitReportReporter -->
<testsuite hostname="DESKTOP-VALH97O" failures="0" tests="2" name="testNGAssignment.POM_Execution" time="31.533" errors="0" timestamp="2023-12-26T09:47:02 IST" skipped="0">
  <testcase classname="testNGAssignment.POM_Execution" name="verify_UserSignIn_Page" time="1.983"/>
  <system-out/>
  <testcase classname="testNGAssignment.POM_Execution" name="verify_UserCreateAccount_Page" time="29.550"/>
  <system-out/>
</testsuite> <!-- testNGAssignment.POM_Execution -->
