<?xml version="1.0" encoding="UTF-8"?>
<!-- Generated by org.testng.reporters.JUnitReportReporter -->
<testsuite hostname="DESKTOP-VALH97O" failures="0" tests="2" name="databaseTesting.Mysql__Connection" time="43.298" errors="0" timestamp="2023-12-19T07:56:46 IST" skipped="0">
  <testcase classname="databaseTesting.Mysql__Connection" name="Verify_Database" time="1.603"/>
  <system-out/>
  <testcase classname="databaseTesting.Mysql__Connection" name="Verify_facebook_login" time="41.695"/>
  <system-out/>
</testsuite> <!-- databaseTesting.Mysql__Connection -->
