<?xml version="1.0" encoding="UTF-8"?>
<!-- Generated by org.testng.reporters.JUnitReportReporter -->
<testsuite hostname="DESKTOP-VALH97O" failures="0" tests="1" name="file_Upload.File_Upload_Using_Robot_Class" time="51.546" errors="0" timestamp="2024-01-02T08:12:32 IST" skipped="0">
  <testcase classname="file_Upload.File_Upload_Using_Robot_Class" name="verify_file_upload" time="51.546"/>
  <system-out/>
</testsuite> <!-- file_Upload.File_Upload_Using_Robot_Class -->
