<?xml version="1.0" encoding="UTF-8"?>
<!-- Generated by org.testng.reporters.JUnitReportReporter -->
<testsuite hostname="DESKTOP-VALH97O" failures="0" tests="3" name="testNGAssignment.HardAssert" time="3.848" errors="0" timestamp="2023-12-15T08:47:18 IST" skipped="0">
  <testcase classname="testNGAssignment.HardAssert" name="locate_frame" time="0.670"/>
  <system-out/>
  <testcase classname="testNGAssignment.HardAssert" name="Close_Popup" time="1.189"/>
  <system-out/>
  <testcase classname="testNGAssignment.HardAssert" name="Verify_logo_name" time="1.989"/>
  <system-out/>
</testsuite> <!-- testNGAssignment.HardAssert -->
