<?xml version="1.0" encoding="UTF-8"?>
<!-- Generated by org.testng.reporters.JUnitReportReporter -->
<testsuite hostname="DESKTOP-VALH97O" failures="0" tests="1" name="testNGAssignment.HardAsset_001" time="1.186" errors="0" timestamp="2023-12-15T09:36:51 IST" skipped="0">
  <testcase classname="testNGAssignment.HardAsset_001" name="Verify_link" time="1.186"/>
  <system-out/>
</testsuite> <!-- testNGAssignment.HardAsset_001 -->
