<?xml version="1.0" encoding="UTF-8"?>
<!-- Generated by org.testng.reporters.JUnitReportReporter -->
<testsuite hostname="DESKTOP-VALH97O" failures="0" tests="2" name="testNGAssignment.Select_date_using_loop" time="8.851" errors="0" timestamp="2024-01-02T08:20:01 IST" skipped="0">
  <testcase classname="testNGAssignment.Select_date_using_loop" name="verify_month_year" time="2.021"/>
  <system-out/>
  <testcase classname="testNGAssignment.Select_date_using_loop" name="verify_date_dropdown" time="6.830"/>
  <system-out/>
</testsuite> <!-- testNGAssignment.Select_date_using_loop -->
